url1
http://brainbench.com/
url2
http://gmail.com/
url3
http://www.cyberschool.com.au/
url4
http://oadx.shinyway.org/
url5
http://mail.shinyway.com.cn/
url6
http://youtube.com/
url7
http://google.com/
url8
http://www.anmm.gov.au/learn/voyage-game
url9
http://www.australia.gov.au/about-australia/australian-story/macarthurs-and-the-merino-sheep
url10
http://ifeng.com/
url11
http://home.mcafee.com/root/stdLandingpage.aspx?lpname=oc_db_downloadpg&affid=0&culture=en-gb
url12
http://www.baidu.com/index.php?tn=baidudg&addresssearch=1
url13
http://www.baidu.com/index.php?tn=baidudg&addresssearch=2
