
--mmc:pagebreak.1
2017年03月26日 17:08:01
MSN Australia | Hotmail login, Breaking news, Outlook, Skype and Video
http://www.msn.com/en-au/?pc=UE12&ocid=UE12DHP
2017年03月28日 20:13:45

http://www.msn.com/?pc=UE12&ocid=UE12DHP
2017年03月28日 20:11:44
GOM PLAYER TEXT BANNER - eng
http://playinfo.gomlab.com/ad_txt.html?oldFlag=eng
2017年03月31日 09:12:19

http://playinfo.gomlab.com/taboola.html
2017年03月31日 09:35:41

http://playinfo.gomlab.com/screen.html
2017年03月31日 09:35:41

http://playinfo.gomlab.com/ad_txt.html?lang=ENG&gom_version=2.3.14.5270&build=update&gomplayerarch=player32bit
2017年03月31日 09:35:34

about:blank
2017年03月31日 09:35:43

--mmc:pagebreak.2
2017年03月26日 17:08:03

http://server.pcfreetime.com/ff/inst_stat?ver=3.3.5
2017年03月15日 22:44:05

http://server.pcfreetime.com/ff/daily_stat?ver=3.3.5
2017年03月31日 09:07:58
GOM Player Update Notification
http://player.gomlab.com/update/eng.html
2017年03月31日 09:12:18

http://trc.taboola.com/gomplayer/log/3/visible
2017年03月31日 09:35:44

http://trc.taboola.com/gomplayer/log/3/available
2017年03月31日 09:35:42

http://home.xl9.xunlei.com/?c=100001&v=2016082401&key=1434.5770833333&m=0f
2017年03月14日 20:43:48

http://home.xl9.xunlei.com/?c=100001&v=2016082401&key=6731.47655&m=0f
2017年03月31日 09:49:43

http://home.xl9.xunlei.com/?c=100001&v=2016082401&key=1434.7658833333&m=0f
2017年03月14日 20:44:00

http://home.xl9.xunlei.com/?c=100001&v=2016082401&key=1681.4531166667&m=0f
2017年03月20日 20:53:37

http://go.microsoft.com/fwlink/p/?LinkId=619797&pc=UE12&ocid=UE12DHP
2017年03月28日 20:11:44
C:\Users\Harold\AppData\Local\Temp\nsx2123.tmp\nsf1F.tmp
file:///C:/Users/Harold/AppData/Local/Temp/nsx2123.tmp/nsf1F.tmp
2017年03月31日 09:13:48
???? - ????
file:///C:/Users/Harold/AppData/Local/youdao/dict/Application/6.3.69.8341/otherskins/simisent/example-similar.html
2017年04月02日 09:33:10
C:\Users\Harold\AppData\Local\Temp\nsx2123.tmp\nsg37E.tmp
file:///C:/Users/Harold/AppData/Local/Temp/nsx2123.tmp/nsg37E.tmp
2017年03月31日 09:13:49
C:\Users\Harold\AppData\Local\youdao\dict\Application\6.3.69.8341\resultui\miniresult.html
file:///C:/Users/Harold/AppData/Local/youdao/dict/Application/6.3.69.8341/resultui/miniresult.html
2017年04月02日 09:33:09

http://imgcache.qq.com/qqlive/page/bigportal/report.html?rand=0
2017年04月02日 09:26:47

res://C:\Users\Harold\AppData\Local\youdao\dict\Application\YodaoDict.exe//292
2017年04月02日 09:33:09

res://wdc.dll/home.htm?FILE:///C:/Users/Harold/AppData/Local/resmon.resmoncfg
2017年03月26日 17:08:03

http://shared.ydstatic.com/wand/dictwandblankv2.html
2017年04月02日 09:33:09

http://info.gomlab.com/eng_ad.html?GOM_PLAYSTATE=OnStop&GOM_NETCONNECTION=on&GOM_VERSTR=2.3.9.5265&GOM_DEVNUM=5265&GOM_CLIENTIP=192.168.56.1&GOM_KIDSLOCK=no&GOM_TVINFO=
2017年03月31日 09:12:16

javascript:void(0)
2017年03月31日 09:35:42
