2
aa
aa
192.168.0.5
HAROLD
20170402-211726
20170402-211731
2
aa
aa
192.168.0.5
HAROLD
20170402-213322
20170402-213414
2
aa
aa
192.168.0.5
HAROLD
20170402-213453
20170402-213742
2
aa
aa
192.168.0.5
HAROLD
20170402-214933
20170402-215008
2
aa
aa
192.168.0.5
HAROLD
20170402-215128
20170402-215143
2
aa
aa
192.168.0.5
HAROLD
20170402-215756
20170402-215827
2
aa
aa
192.168.0.5
HAROLD
20170402-220511
20170402-220516
2
aa
aa
192.168.0.5
HAROLD
20170402-220908
20170402-220945
